2023-02-12 22:02:232 INFO  HomePage :56 - click on job titleTester
2023-02-12 22:02:406 INFO  HomePage :60 - Click on Location Harrow
2023-02-12 22:02:897 INFO  HomePage :64 - clicking on distance[[ChromeDriver: chrome on WINDOWS (8e9af4a9b45263271a80858113e5c767)] -> xpath: //select[@id='distance']]
2023-02-12 22:02:72 INFO  HomePage :69 - Clicking on More Search Option link [[ChromeDriver: chrome on WINDOWS (8e9af4a9b45263271a80858113e5c767)] -> xpath: //button[@id='toggle-hp-search']]
2023-02-12 22:02:558 INFO  HomePage :73 - click on min salary [[ChromeDriver: chrome on WINDOWS (8e9af4a9b45263271a80858113e5c767)] -> xpath: //input[@id='salarymin']]
2023-02-12 22:02:721 INFO  HomePage :77 - click on max salary [[ChromeDriver: chrome on WINDOWS (8e9af4a9b45263271a80858113e5c767)] -> xpath: //input[@id='salarymax']]
2023-02-12 22:02:793 INFO  HomePage :81 - click on salary type [[ChromeDriver: chrome on WINDOWS (8e9af4a9b45263271a80858113e5c767)] -> xpath: //select[@id='salarytype']]
2023-02-12 22:02:923 INFO  HomePage :85 - click on job type[[ChromeDriver: chrome on WINDOWS (8e9af4a9b45263271a80858113e5c767)] -> xpath: //select[@id='tempperm']]
2023-02-12 22:02:58 INFO  HomePage :89 - Clicking on Find Jobs Button[[ChromeDriver: chrome on WINDOWS (8e9af4a9b45263271a80858113e5c767)] -> xpath: //input[@id='hp-search-btn']]
2023-02-12 22:02:435 INFO  HomePage :56 - click on job titleDevelopment Manager
2023-02-12 22:02:692 INFO  HomePage :60 - Click on Location Wembley
2023-02-12 22:02:184 INFO  HomePage :64 - clicking on distance[[ChromeDriver: chrome on WINDOWS (afc99b29acd5fc183c99e36a3ce4266c)] -> xpath: //select[@id='distance']]
2023-02-12 22:02:388 INFO  HomePage :69 - Clicking on More Search Option link [[ChromeDriver: chrome on WINDOWS (afc99b29acd5fc183c99e36a3ce4266c)] -> xpath: //button[@id='toggle-hp-search']]
2023-02-12 22:02:874 INFO  HomePage :73 - click on min salary [[ChromeDriver: chrome on WINDOWS (afc99b29acd5fc183c99e36a3ce4266c)] -> xpath: //input[@id='salarymin']]
2023-02-12 22:02:09 INFO  HomePage :77 - click on max salary [[ChromeDriver: chrome on WINDOWS (afc99b29acd5fc183c99e36a3ce4266c)] -> xpath: //input[@id='salarymax']]
2023-02-12 22:02:128 INFO  HomePage :81 - click on salary type [[ChromeDriver: chrome on WINDOWS (afc99b29acd5fc183c99e36a3ce4266c)] -> xpath: //select[@id='salarytype']]
2023-02-12 22:02:236 INFO  HomePage :85 - click on job type[[ChromeDriver: chrome on WINDOWS (afc99b29acd5fc183c99e36a3ce4266c)] -> xpath: //select[@id='tempperm']]
2023-02-12 22:02:458 INFO  HomePage :89 - Clicking on Find Jobs Button[[ChromeDriver: chrome on WINDOWS (afc99b29acd5fc183c99e36a3ce4266c)] -> xpath: //input[@id='hp-search-btn']]
2023-02-12 22:02:932 INFO  HomePage :56 - click on job titleTeacher
2023-02-12 22:02:800 INFO  HomePage :60 - Click on Location Edgware
2023-02-12 22:02:978 INFO  HomePage :64 - clicking on distance[[ChromeDriver: chrome on WINDOWS (6f154f7b07b8cd339073a0b3485e6096)] -> xpath: //select[@id='distance']]
2023-02-12 22:02:348 INFO  HomePage :69 - Clicking on More Search Option link [[ChromeDriver: chrome on WINDOWS (6f154f7b07b8cd339073a0b3485e6096)] -> xpath: //button[@id='toggle-hp-search']]
2023-02-12 22:02:752 INFO  HomePage :73 - click on min salary [[ChromeDriver: chrome on WINDOWS (6f154f7b07b8cd339073a0b3485e6096)] -> xpath: //input[@id='salarymin']]
2023-02-12 22:02:925 INFO  HomePage :77 - click on max salary [[ChromeDriver: chrome on WINDOWS (6f154f7b07b8cd339073a0b3485e6096)] -> xpath: //input[@id='salarymax']]
2023-02-12 22:02:82 INFO  HomePage :81 - click on salary type [[ChromeDriver: chrome on WINDOWS (6f154f7b07b8cd339073a0b3485e6096)] -> xpath: //select[@id='salarytype']]
2023-02-12 22:02:322 INFO  HomePage :85 - click on job type[[ChromeDriver: chrome on WINDOWS (6f154f7b07b8cd339073a0b3485e6096)] -> xpath: //select[@id='tempperm']]
2023-02-12 22:02:586 INFO  HomePage :89 - Clicking on Find Jobs Button[[ChromeDriver: chrome on WINDOWS (6f154f7b07b8cd339073a0b3485e6096)] -> xpath: //input[@id='hp-search-btn']]
2023-02-12 22:02:68 INFO  HomePage :56 - click on job titleStore Manager
2023-02-12 22:02:528 INFO  HomePage :60 - Click on Location Stanmore
2023-02-12 22:02:343 INFO  HomePage :64 - clicking on distance[[ChromeDriver: chrome on WINDOWS (f6d59abf6a19e9b205f811107ae62751)] -> xpath: //select[@id='distance']]
2023-02-12 22:02:699 INFO  HomePage :69 - Clicking on More Search Option link [[ChromeDriver: chrome on WINDOWS (f6d59abf6a19e9b205f811107ae62751)] -> xpath: //button[@id='toggle-hp-search']]
2023-02-12 22:02:163 INFO  HomePage :73 - click on min salary [[ChromeDriver: chrome on WINDOWS (f6d59abf6a19e9b205f811107ae62751)] -> xpath: //input[@id='salarymin']]
2023-02-12 22:02:454 INFO  HomePage :77 - click on max salary [[ChromeDriver: chrome on WINDOWS (f6d59abf6a19e9b205f811107ae62751)] -> xpath: //input[@id='salarymax']]
2023-02-12 22:02:672 INFO  HomePage :81 - click on salary type [[ChromeDriver: chrome on WINDOWS (f6d59abf6a19e9b205f811107ae62751)] -> xpath: //select[@id='salarytype']]
2023-02-12 22:02:839 INFO  HomePage :85 - click on job type[[ChromeDriver: chrome on WINDOWS (f6d59abf6a19e9b205f811107ae62751)] -> xpath: //select[@id='tempperm']]
2023-02-12 22:02:05 INFO  HomePage :89 - Clicking on Find Jobs Button[[ChromeDriver: chrome on WINDOWS (f6d59abf6a19e9b205f811107ae62751)] -> xpath: //input[@id='hp-search-btn']]
2023-02-12 22:02:714 INFO  HomePage :56 - click on job titleMarketing Executive
2023-02-12 22:02:912 INFO  HomePage :60 - Click on Location Harrow Weald
2023-02-12 22:02:484 INFO  HomePage :64 - clicking on distance[[ChromeDriver: chrome on WINDOWS (2ae43d4bb508ebdd587882ee1fc2f209)] -> xpath: //select[@id='distance']]
2023-02-12 22:02:662 INFO  HomePage :69 - Clicking on More Search Option link [[ChromeDriver: chrome on WINDOWS (2ae43d4bb508ebdd587882ee1fc2f209)] -> xpath: //button[@id='toggle-hp-search']]
2023-02-12 22:02:144 INFO  HomePage :73 - click on min salary [[ChromeDriver: chrome on WINDOWS (2ae43d4bb508ebdd587882ee1fc2f209)] -> xpath: //input[@id='salarymin']]
2023-02-12 22:02:261 INFO  HomePage :77 - click on max salary [[ChromeDriver: chrome on WINDOWS (2ae43d4bb508ebdd587882ee1fc2f209)] -> xpath: //input[@id='salarymax']]
2023-02-12 22:02:324 INFO  HomePage :81 - click on salary type [[ChromeDriver: chrome on WINDOWS (2ae43d4bb508ebdd587882ee1fc2f209)] -> xpath: //select[@id='salarytype']]
2023-02-12 22:02:459 INFO  HomePage :85 - click on job type[[ChromeDriver: chrome on WINDOWS (2ae43d4bb508ebdd587882ee1fc2f209)] -> xpath: //select[@id='tempperm']]
2023-02-12 22:02:591 INFO  HomePage :89 - Clicking on Find Jobs Button[[ChromeDriver: chrome on WINDOWS (2ae43d4bb508ebdd587882ee1fc2f209)] -> xpath: //input[@id='hp-search-btn']]
2023-02-12 22:02:401 INFO  HomePage :56 - click on job titleQA Analyst
2023-02-12 22:02:455 INFO  HomePage :60 - Click on Location Harrowgate
2023-02-12 22:02:658 INFO  HomePage :64 - clicking on distance[[ChromeDriver: chrome on WINDOWS (cbbd476c30fa58665c52ea86b7bea110)] -> xpath: //select[@id='distance']]
2023-02-12 22:02:956 INFO  HomePage :69 - Clicking on More Search Option link [[ChromeDriver: chrome on WINDOWS (cbbd476c30fa58665c52ea86b7bea110)] -> xpath: //button[@id='toggle-hp-search']]
2023-02-12 23:02:522 INFO  HomePage :56 - click on job titleTester
2023-02-12 23:02:734 INFO  HomePage :60 - Click on Location Harrow
2023-02-12 23:02:217 INFO  HomePage :64 - clicking on distance[[ChromeDriver: chrome on WINDOWS (71cc0cd44489c29de4a9ba024100b6dc)] -> xpath: //select[@id='distance']]
2023-02-12 23:02:343 INFO  HomePage :69 - Clicking on More Search Option link [[ChromeDriver: chrome on WINDOWS (71cc0cd44489c29de4a9ba024100b6dc)] -> xpath: //button[@id='toggle-hp-search']]
2023-02-12 23:02:701 INFO  HomePage :73 - click on min salary [[ChromeDriver: chrome on WINDOWS (71cc0cd44489c29de4a9ba024100b6dc)] -> xpath: //input[@id='salarymin']]
2023-02-12 23:02:899 INFO  HomePage :77 - click on max salary [[ChromeDriver: chrome on WINDOWS (71cc0cd44489c29de4a9ba024100b6dc)] -> xpath: //input[@id='salarymax']]
2023-02-12 23:02:979 INFO  HomePage :81 - click on salary type [[ChromeDriver: chrome on WINDOWS (71cc0cd44489c29de4a9ba024100b6dc)] -> xpath: //select[@id='salarytype']]
2023-02-12 23:02:99 INFO  HomePage :85 - click on job type[[ChromeDriver: chrome on WINDOWS (71cc0cd44489c29de4a9ba024100b6dc)] -> xpath: //select[@id='tempperm']]
2023-02-12 23:02:254 INFO  HomePage :89 - Clicking on Find Jobs Button[[ChromeDriver: chrome on WINDOWS (71cc0cd44489c29de4a9ba024100b6dc)] -> xpath: //input[@id='hp-search-btn']]
2023-02-12 23:02:66 INFO  HomePage :56 - click on job titleDevelopment Manager
2023-02-12 23:02:295 INFO  HomePage :60 - Click on Location Wembley
2023-02-12 23:02:838 INFO  HomePage :64 - clicking on distance[[ChromeDriver: chrome on WINDOWS (ea41a4050b6d9f0b4dd75b22aa4e5c9a)] -> xpath: //select[@id='distance']]
2023-02-12 23:02:49 INFO  HomePage :69 - Clicking on More Search Option link [[ChromeDriver: chrome on WINDOWS (ea41a4050b6d9f0b4dd75b22aa4e5c9a)] -> xpath: //button[@id='toggle-hp-search']]
2023-02-12 23:02:411 INFO  HomePage :73 - click on min salary [[ChromeDriver: chrome on WINDOWS (ea41a4050b6d9f0b4dd75b22aa4e5c9a)] -> xpath: //input[@id='salarymin']]
2023-02-12 23:02:557 INFO  HomePage :77 - click on max salary [[ChromeDriver: chrome on WINDOWS (ea41a4050b6d9f0b4dd75b22aa4e5c9a)] -> xpath: //input[@id='salarymax']]
2023-02-12 23:02:678 INFO  HomePage :81 - click on salary type [[ChromeDriver: chrome on WINDOWS (ea41a4050b6d9f0b4dd75b22aa4e5c9a)] -> xpath: //select[@id='salarytype']]
2023-02-12 23:02:771 INFO  HomePage :85 - click on job type[[ChromeDriver: chrome on WINDOWS (ea41a4050b6d9f0b4dd75b22aa4e5c9a)] -> xpath: //select[@id='tempperm']]
2023-02-12 23:02:909 INFO  HomePage :89 - Clicking on Find Jobs Button[[ChromeDriver: chrome on WINDOWS (ea41a4050b6d9f0b4dd75b22aa4e5c9a)] -> xpath: //input[@id='hp-search-btn']]
2023-02-12 23:02:325 INFO  HomePage :56 - click on job titleTester
2023-02-12 23:02:511 INFO  HomePage :60 - Click on Location Harrow
2023-02-12 23:02:971 INFO  HomePage :64 - clicking on distance[[ChromeDriver: chrome on WINDOWS (986c6452bb2fcfd5e1d1c3977eb84068)] -> xpath: //select[@id='distance']]
2023-02-12 23:02:169 INFO  HomePage :69 - Clicking on More Search Option link [[ChromeDriver: chrome on WINDOWS (986c6452bb2fcfd5e1d1c3977eb84068)] -> xpath: //button[@id='toggle-hp-search']]
2023-02-12 23:02:576 INFO  HomePage :73 - click on min salary [[ChromeDriver: chrome on WINDOWS (986c6452bb2fcfd5e1d1c3977eb84068)] -> xpath: //input[@id='salarymin']]
2023-02-12 23:02:681 INFO  HomePage :77 - click on max salary [[ChromeDriver: chrome on WINDOWS (986c6452bb2fcfd5e1d1c3977eb84068)] -> xpath: //input[@id='salarymax']]
2023-02-12 23:02:740 INFO  HomePage :81 - click on salary type [[ChromeDriver: chrome on WINDOWS (986c6452bb2fcfd5e1d1c3977eb84068)] -> xpath: //select[@id='salarytype']]
2023-02-12 23:02:848 INFO  HomePage :85 - click on job type[[ChromeDriver: chrome on WINDOWS (986c6452bb2fcfd5e1d1c3977eb84068)] -> xpath: //select[@id='tempperm']]
2023-02-12 23:02:971 INFO  HomePage :89 - Clicking on Find Jobs Button[[ChromeDriver: chrome on WINDOWS (986c6452bb2fcfd5e1d1c3977eb84068)] -> xpath: //input[@id='hp-search-btn']]
2023-02-12 23:02:121 INFO  HomePage :56 - click on job titleDevelopment Manager
2023-02-12 23:02:395 INFO  HomePage :60 - Click on Location Wembley
2023-02-12 23:02:59 INFO  HomePage :56 - click on job titleTester
2023-02-12 23:02:331 INFO  HomePage :60 - Click on Location Harrow
2023-02-12 23:02:20 INFO  HomePage :64 - clicking on distance[[ChromeDriver: chrome on WINDOWS (c7d8017ae7446e328329cefcb3e48b0d)] -> xpath: //select[@id='distance']]
2023-02-12 23:02:287 INFO  HomePage :69 - Clicking on More Search Option link [[ChromeDriver: chrome on WINDOWS (c7d8017ae7446e328329cefcb3e48b0d)] -> xpath: //button[@id='toggle-hp-search']]
2023-02-12 23:02:679 INFO  HomePage :73 - click on min salary [[ChromeDriver: chrome on WINDOWS (c7d8017ae7446e328329cefcb3e48b0d)] -> xpath: //input[@id='salarymin']]
2023-02-12 23:02:816 INFO  HomePage :77 - click on max salary [[ChromeDriver: chrome on WINDOWS (c7d8017ae7446e328329cefcb3e48b0d)] -> xpath: //input[@id='salarymax']]
2023-02-12 23:02:929 INFO  HomePage :81 - click on salary type [[ChromeDriver: chrome on WINDOWS (c7d8017ae7446e328329cefcb3e48b0d)] -> xpath: //select[@id='salarytype']]
2023-02-12 23:02:104 INFO  HomePage :85 - click on job type[[ChromeDriver: chrome on WINDOWS (c7d8017ae7446e328329cefcb3e48b0d)] -> xpath: //select[@id='tempperm']]
2023-02-12 23:02:315 INFO  HomePage :89 - Clicking on Find Jobs Button[[ChromeDriver: chrome on WINDOWS (c7d8017ae7446e328329cefcb3e48b0d)] -> xpath: //input[@id='hp-search-btn']]
2023-02-12 23:02:294 INFO  HomePage :56 - click on job titleDevelopment Manager
2023-02-12 23:02:589 INFO  HomePage :60 - Click on Location Wembley
2023-02-12 23:02:765 INFO  HomePage :64 - clicking on distance[[ChromeDriver: chrome on WINDOWS (12f5b1823d262ce1014e568574ab2e2c)] -> xpath: //select[@id='distance']]
2023-02-12 23:02:284 INFO  HomePage :69 - Clicking on More Search Option link [[ChromeDriver: chrome on WINDOWS (12f5b1823d262ce1014e568574ab2e2c)] -> xpath: //button[@id='toggle-hp-search']]
2023-02-12 23:02:674 INFO  HomePage :73 - click on min salary [[ChromeDriver: chrome on WINDOWS (12f5b1823d262ce1014e568574ab2e2c)] -> xpath: //input[@id='salarymin']]
2023-02-12 23:02:886 INFO  HomePage :77 - click on max salary [[ChromeDriver: chrome on WINDOWS (12f5b1823d262ce1014e568574ab2e2c)] -> xpath: //input[@id='salarymax']]
2023-02-12 23:02:45 INFO  HomePage :81 - click on salary type [[ChromeDriver: chrome on WINDOWS (12f5b1823d262ce1014e568574ab2e2c)] -> xpath: //select[@id='salarytype']]
2023-02-12 23:02:162 INFO  HomePage :85 - click on job type[[ChromeDriver: chrome on WINDOWS (12f5b1823d262ce1014e568574ab2e2c)] -> xpath: //select[@id='tempperm']]
2023-02-12 23:02:390 INFO  HomePage :89 - Clicking on Find Jobs Button[[ChromeDriver: chrome on WINDOWS (12f5b1823d262ce1014e568574ab2e2c)] -> xpath: //input[@id='hp-search-btn']]
2023-02-13 00:02:173 INFO  HomePage :57 - click on job titleTester
2023-02-13 00:02:280 INFO  HomePage :61 - Click on Location Harrow
2023-02-13 00:02:334 INFO  HomePage :65 - clicking on distance[[ChromeDriver: chrome on WINDOWS (04819f111ec72df9b4bd95ebcc4440d7)] -> xpath: //select[@id='distance']]
2023-02-13 00:02:744 INFO  HomePage :70 - Clicking on More Search Option link [[ChromeDriver: chrome on WINDOWS (04819f111ec72df9b4bd95ebcc4440d7)] -> xpath: //button[@id='toggle-hp-search']]
2023-02-13 00:02:839 INFO  HomePage :74 - click on min salary [[ChromeDriver: chrome on WINDOWS (04819f111ec72df9b4bd95ebcc4440d7)] -> xpath: //input[@id='salarymin']]
2023-02-13 00:02:69 INFO  HomePage :78 - click on max salary [[ChromeDriver: chrome on WINDOWS (04819f111ec72df9b4bd95ebcc4440d7)] -> xpath: //input[@id='salarymax']]
2023-02-13 00:02:139 INFO  HomePage :82 - click on salary type [[ChromeDriver: chrome on WINDOWS (04819f111ec72df9b4bd95ebcc4440d7)] -> xpath: //select[@id='salarytype']]
2023-02-13 00:02:205 INFO  HomePage :86 - click on job type[[ChromeDriver: chrome on WINDOWS (04819f111ec72df9b4bd95ebcc4440d7)] -> xpath: //select[@id='tempperm']]
2023-02-13 00:02:303 INFO  HomePage :90 - Clicking on Find Jobs Button[[ChromeDriver: chrome on WINDOWS (04819f111ec72df9b4bd95ebcc4440d7)] -> xpath: //input[@id='hp-search-btn']]
2023-02-13 00:02:625 INFO  HomePage :57 - click on job titleTester
2023-02-13 00:02:763 INFO  HomePage :61 - Click on Location Harrow on the Hill,Greater London
2023-02-13 00:02:17 INFO  HomePage :65 - clicking on distance[[ChromeDriver: chrome on WINDOWS (b2d28f3c2566501adea32c1ce13c866e)] -> xpath: //select[@id='distance']]
2023-02-13 00:02:248 INFO  HomePage :70 - Clicking on More Search Option link [[ChromeDriver: chrome on WINDOWS (b2d28f3c2566501adea32c1ce13c866e)] -> xpath: //button[@id='toggle-hp-search']]
2023-02-13 00:02:340 INFO  HomePage :74 - click on min salary [[ChromeDriver: chrome on WINDOWS (b2d28f3c2566501adea32c1ce13c866e)] -> xpath: //input[@id='salarymin']]
2023-02-13 00:02:669 INFO  HomePage :78 - click on max salary [[ChromeDriver: chrome on WINDOWS (b2d28f3c2566501adea32c1ce13c866e)] -> xpath: //input[@id='salarymax']]
2023-02-13 00:02:731 INFO  HomePage :82 - click on salary type [[ChromeDriver: chrome on WINDOWS (b2d28f3c2566501adea32c1ce13c866e)] -> xpath: //select[@id='salarytype']]
2023-02-13 00:02:805 INFO  HomePage :86 - click on job type[[ChromeDriver: chrome on WINDOWS (b2d28f3c2566501adea32c1ce13c866e)] -> xpath: //select[@id='tempperm']]
2023-02-13 00:02:893 INFO  HomePage :90 - Clicking on Find Jobs Button[[ChromeDriver: chrome on WINDOWS (b2d28f3c2566501adea32c1ce13c866e)] -> xpath: //input[@id='hp-search-btn']]
2023-02-13 00:02:97 INFO  HomePage :57 - click on job titleDevelopment Manager
2023-02-13 00:02:239 INFO  HomePage :61 - Click on Location Wembley,Greater London
2023-02-13 00:02:596 INFO  HomePage :65 - clicking on distance[[ChromeDriver: chrome on WINDOWS (694ecc8071513d0eabec50a823e6ffd4)] -> xpath: //select[@id='distance']]
2023-02-13 00:02:724 INFO  HomePage :70 - Clicking on More Search Option link [[ChromeDriver: chrome on WINDOWS (694ecc8071513d0eabec50a823e6ffd4)] -> xpath: //button[@id='toggle-hp-search']]
2023-02-13 00:02:889 INFO  HomePage :74 - click on min salary [[ChromeDriver: chrome on WINDOWS (694ecc8071513d0eabec50a823e6ffd4)] -> xpath: //input[@id='salarymin']]
2023-02-13 00:02:133 INFO  HomePage :78 - click on max salary [[ChromeDriver: chrome on WINDOWS (694ecc8071513d0eabec50a823e6ffd4)] -> xpath: //input[@id='salarymax']]
2023-02-13 00:02:190 INFO  HomePage :82 - click on salary type [[ChromeDriver: chrome on WINDOWS (694ecc8071513d0eabec50a823e6ffd4)] -> xpath: //select[@id='salarytype']]
2023-02-13 00:02:256 INFO  HomePage :86 - click on job type[[ChromeDriver: chrome on WINDOWS (694ecc8071513d0eabec50a823e6ffd4)] -> xpath: //select[@id='tempperm']]
2023-02-13 00:02:339 INFO  HomePage :90 - Clicking on Find Jobs Button[[ChromeDriver: chrome on WINDOWS (694ecc8071513d0eabec50a823e6ffd4)] -> xpath: //input[@id='hp-search-btn']]
2023-02-13 00:02:156 INFO  HomePage :57 - click on job titleTeacher
2023-02-13 00:02:280 INFO  HomePage :61 - Click on Location Edgware,Greater London
2023-02-13 00:02:456 INFO  HomePage :65 - clicking on distance[[ChromeDriver: chrome on WINDOWS (801694f9f25da7143590087541db6545)] -> xpath: //select[@id='distance']]
2023-02-13 00:02:851 INFO  HomePage :70 - Clicking on More Search Option link [[ChromeDriver: chrome on WINDOWS (801694f9f25da7143590087541db6545)] -> xpath: //button[@id='toggle-hp-search']]
2023-02-13 00:02:51 INFO  HomePage :74 - click on min salary [[ChromeDriver: chrome on WINDOWS (801694f9f25da7143590087541db6545)] -> xpath: //input[@id='salarymin']]
2023-02-13 00:02:284 INFO  HomePage :78 - click on max salary [[ChromeDriver: chrome on WINDOWS (801694f9f25da7143590087541db6545)] -> xpath: //input[@id='salarymax']]
2023-02-13 00:02:347 INFO  HomePage :82 - click on salary type [[ChromeDriver: chrome on WINDOWS (801694f9f25da7143590087541db6545)] -> xpath: //select[@id='salarytype']]
2023-02-13 00:02:408 INFO  HomePage :86 - click on job type[[ChromeDriver: chrome on WINDOWS (801694f9f25da7143590087541db6545)] -> xpath: //select[@id='tempperm']]
2023-02-13 00:02:493 INFO  HomePage :90 - Clicking on Find Jobs Button[[ChromeDriver: chrome on WINDOWS (801694f9f25da7143590087541db6545)] -> xpath: //input[@id='hp-search-btn']]
2023-02-13 00:02:730 INFO  HomePage :57 - click on job titleStore Manager
2023-02-13 00:02:865 INFO  HomePage :61 - Click on Location Stanmore,Greater London
2023-02-13 00:02:138 INFO  HomePage :65 - clicking on distance[[ChromeDriver: chrome on WINDOWS (0e5bf9a90192328e1251a78a75f99176)] -> xpath: //select[@id='distance']]
2023-02-13 00:02:273 INFO  HomePage :70 - Clicking on More Search Option link [[ChromeDriver: chrome on WINDOWS (0e5bf9a90192328e1251a78a75f99176)] -> xpath: //button[@id='toggle-hp-search']]
2023-02-13 00:02:545 INFO  HomePage :74 - click on min salary [[ChromeDriver: chrome on WINDOWS (0e5bf9a90192328e1251a78a75f99176)] -> xpath: //input[@id='salarymin']]
2023-02-13 00:02:686 INFO  HomePage :78 - click on max salary [[ChromeDriver: chrome on WINDOWS (0e5bf9a90192328e1251a78a75f99176)] -> xpath: //input[@id='salarymax']]
2023-02-13 00:02:740 INFO  HomePage :82 - click on salary type [[ChromeDriver: chrome on WINDOWS (0e5bf9a90192328e1251a78a75f99176)] -> xpath: //select[@id='salarytype']]
2023-02-13 00:02:796 INFO  HomePage :86 - click on job type[[ChromeDriver: chrome on WINDOWS (0e5bf9a90192328e1251a78a75f99176)] -> xpath: //select[@id='tempperm']]
2023-02-13 00:02:875 INFO  HomePage :90 - Clicking on Find Jobs Button[[ChromeDriver: chrome on WINDOWS (0e5bf9a90192328e1251a78a75f99176)] -> xpath: //input[@id='hp-search-btn']]
2023-02-13 00:02:292 INFO  HomePage :57 - click on job titleMarketing Executive
2023-02-13 00:02:429 INFO  HomePage :61 - Click on Location Harrow Weald,Greater London
2023-02-13 00:02:615 INFO  HomePage :65 - clicking on distance[[ChromeDriver: chrome on WINDOWS (c1405789de1ccf01c727053f66a32769)] -> xpath: //select[@id='distance']]
2023-02-13 00:02:828 INFO  HomePage :70 - Clicking on More Search Option link [[ChromeDriver: chrome on WINDOWS (c1405789de1ccf01c727053f66a32769)] -> xpath: //button[@id='toggle-hp-search']]
2023-02-13 00:02:117 INFO  HomePage :74 - click on min salary [[ChromeDriver: chrome on WINDOWS (c1405789de1ccf01c727053f66a32769)] -> xpath: //input[@id='salarymin']]
2023-02-13 00:02:268 INFO  HomePage :78 - click on max salary [[ChromeDriver: chrome on WINDOWS (c1405789de1ccf01c727053f66a32769)] -> xpath: //input[@id='salarymax']]
2023-02-13 00:02:331 INFO  HomePage :82 - click on salary type [[ChromeDriver: chrome on WINDOWS (c1405789de1ccf01c727053f66a32769)] -> xpath: //select[@id='salarytype']]
2023-02-13 00:02:390 INFO  HomePage :86 - click on job type[[ChromeDriver: chrome on WINDOWS (c1405789de1ccf01c727053f66a32769)] -> xpath: //select[@id='tempperm']]
2023-02-13 00:02:469 INFO  HomePage :90 - Clicking on Find Jobs Button[[ChromeDriver: chrome on WINDOWS (c1405789de1ccf01c727053f66a32769)] -> xpath: //input[@id='hp-search-btn']]
2023-02-13 00:02:612 INFO  HomePage :57 - click on job titleQa Analyst
2023-02-13 00:02:746 INFO  HomePage :61 - Click on Location Harrowgate
2023-02-13 00:02:840 INFO  HomePage :65 - clicking on distance[[ChromeDriver: chrome on WINDOWS (7172b3e97db633d1137be158769ac9cc)] -> xpath: //select[@id='distance']]
2023-02-13 00:02:149 INFO  HomePage :70 - Clicking on More Search Option link [[ChromeDriver: chrome on WINDOWS (7172b3e97db633d1137be158769ac9cc)] -> xpath: //button[@id='toggle-hp-search']]
2023-02-13 00:02:284 INFO  HomePage :74 - click on min salary [[ChromeDriver: chrome on WINDOWS (7172b3e97db633d1137be158769ac9cc)] -> xpath: //input[@id='salarymin']]
2023-02-13 00:02:563 INFO  HomePage :78 - click on max salary [[ChromeDriver: chrome on WINDOWS (7172b3e97db633d1137be158769ac9cc)] -> xpath: //input[@id='salarymax']]
2023-02-13 00:02:611 INFO  HomePage :82 - click on salary type [[ChromeDriver: chrome on WINDOWS (7172b3e97db633d1137be158769ac9cc)] -> xpath: //select[@id='salarytype']]
2023-02-13 00:02:675 INFO  HomePage :86 - click on job type[[ChromeDriver: chrome on WINDOWS (7172b3e97db633d1137be158769ac9cc)] -> xpath: //select[@id='tempperm']]
2023-02-13 00:02:756 INFO  HomePage :90 - Clicking on Find Jobs Button[[ChromeDriver: chrome on WINDOWS (7172b3e97db633d1137be158769ac9cc)] -> xpath: //input[@id='hp-search-btn']]
2023-02-13 00:02:109 INFO  HomePage :57 - click on job titleTester
2023-02-13 00:02:272 INFO  HomePage :61 - Click on Location Harrow on the Hill,Greater London
2023-02-13 00:02:804 INFO  HomePage :65 - clicking on distance[[ChromeDriver: chrome on WINDOWS (b7ffeca4d10deb1560fbf8704ae67f98)] -> xpath: //select[@id='distance']]
2023-02-13 00:02:969 INFO  HomePage :70 - Clicking on More Search Option link [[ChromeDriver: chrome on WINDOWS (b7ffeca4d10deb1560fbf8704ae67f98)] -> xpath: //button[@id='toggle-hp-search']]
2023-02-13 00:02:278 INFO  HomePage :74 - click on min salary [[ChromeDriver: chrome on WINDOWS (b7ffeca4d10deb1560fbf8704ae67f98)] -> xpath: //input[@id='salarymin']]
2023-02-13 00:02:425 INFO  HomePage :78 - click on max salary [[ChromeDriver: chrome on WINDOWS (b7ffeca4d10deb1560fbf8704ae67f98)] -> xpath: //input[@id='salarymax']]
2023-02-13 00:02:542 INFO  HomePage :82 - click on salary type [[ChromeDriver: chrome on WINDOWS (b7ffeca4d10deb1560fbf8704ae67f98)] -> xpath: //select[@id='salarytype']]
2023-02-13 00:02:639 INFO  HomePage :86 - click on job type[[ChromeDriver: chrome on WINDOWS (b7ffeca4d10deb1560fbf8704ae67f98)] -> xpath: //select[@id='tempperm']]
2023-02-13 00:02:797 INFO  HomePage :90 - Clicking on Find Jobs Button[[ChromeDriver: chrome on WINDOWS (b7ffeca4d10deb1560fbf8704ae67f98)] -> xpath: //input[@id='hp-search-btn']]
2023-02-13 00:02:23 INFO  HomePage :57 - click on job titleDevelopment Manager
2023-02-13 00:02:228 INFO  HomePage :61 - Click on Location Wembley,Greater London
2023-02-13 00:02:728 INFO  HomePage :65 - clicking on distance[[ChromeDriver: chrome on WINDOWS (046e887bc9c2d546bd41207821de312e)] -> xpath: //select[@id='distance']]
2023-02-13 00:02:893 INFO  HomePage :70 - Clicking on More Search Option link [[ChromeDriver: chrome on WINDOWS (046e887bc9c2d546bd41207821de312e)] -> xpath: //button[@id='toggle-hp-search']]
2023-02-13 00:02:243 INFO  HomePage :74 - click on min salary [[ChromeDriver: chrome on WINDOWS (046e887bc9c2d546bd41207821de312e)] -> xpath: //input[@id='salarymin']]
2023-02-13 00:02:319 INFO  HomePage :78 - click on max salary [[ChromeDriver: chrome on WINDOWS (046e887bc9c2d546bd41207821de312e)] -> xpath: //input[@id='salarymax']]
2023-02-13 00:02:399 INFO  HomePage :82 - click on salary type [[ChromeDriver: chrome on WINDOWS (046e887bc9c2d546bd41207821de312e)] -> xpath: //select[@id='salarytype']]
2023-02-13 00:02:513 INFO  HomePage :86 - click on job type[[ChromeDriver: chrome on WINDOWS (046e887bc9c2d546bd41207821de312e)] -> xpath: //select[@id='tempperm']]
2023-02-13 00:02:625 INFO  HomePage :90 - Clicking on Find Jobs Button[[ChromeDriver: chrome on WINDOWS (046e887bc9c2d546bd41207821de312e)] -> xpath: //input[@id='hp-search-btn']]
2023-02-13 00:02:345 INFO  HomePage :57 - click on job titleTeacher
2023-02-13 00:02:525 INFO  HomePage :61 - Click on Location Edgware,Greater London
2023-02-13 00:02:40 INFO  HomePage :65 - clicking on distance[[ChromeDriver: chrome on WINDOWS (d40af7ad59810951a3acd917056505a0)] -> xpath: //select[@id='distance']]
2023-02-13 00:02:189 INFO  HomePage :70 - Clicking on More Search Option link [[ChromeDriver: chrome on WINDOWS (d40af7ad59810951a3acd917056505a0)] -> xpath: //button[@id='toggle-hp-search']]
2023-02-13 00:02:460 INFO  HomePage :74 - click on min salary [[ChromeDriver: chrome on WINDOWS (d40af7ad59810951a3acd917056505a0)] -> xpath: //input[@id='salarymin']]
2023-02-13 00:02:682 INFO  HomePage :78 - click on max salary [[ChromeDriver: chrome on WINDOWS (d40af7ad59810951a3acd917056505a0)] -> xpath: //input[@id='salarymax']]
2023-02-13 00:02:743 INFO  HomePage :82 - click on salary type [[ChromeDriver: chrome on WINDOWS (d40af7ad59810951a3acd917056505a0)] -> xpath: //select[@id='salarytype']]
2023-02-13 00:02:822 INFO  HomePage :86 - click on job type[[ChromeDriver: chrome on WINDOWS (d40af7ad59810951a3acd917056505a0)] -> xpath: //select[@id='tempperm']]
2023-02-13 00:02:970 INFO  HomePage :90 - Clicking on Find Jobs Button[[ChromeDriver: chrome on WINDOWS (d40af7ad59810951a3acd917056505a0)] -> xpath: //input[@id='hp-search-btn']]
2023-02-13 00:02:532 INFO  HomePage :57 - click on job titleStore Manager
2023-02-13 00:02:687 INFO  HomePage :61 - Click on Location Stanmore,Greater London
2023-02-13 00:02:819 INFO  HomePage :65 - clicking on distance[[ChromeDriver: chrome on WINDOWS (e6ec10b2d8a5512ec315d028d04a87fd)] -> xpath: //select[@id='distance']]
2023-02-13 00:02:381 INFO  HomePage :70 - Clicking on More Search Option link [[ChromeDriver: chrome on WINDOWS (e6ec10b2d8a5512ec315d028d04a87fd)] -> xpath: //button[@id='toggle-hp-search']]
2023-02-13 00:02:390 INFO  HomePage :57 - click on job titleMarketing Executive
2023-02-13 00:02:564 INFO  HomePage :61 - Click on Location Harrow Weald,Greater London
2023-02-13 00:02:723 INFO  HomePage :65 - clicking on distance[[ChromeDriver: chrome on WINDOWS (8e89dd988964b386433114a41c3f418c)] -> xpath: //select[@id='distance']]
2023-02-13 00:02:163 INFO  HomePage :70 - Clicking on More Search Option link [[ChromeDriver: chrome on WINDOWS (8e89dd988964b386433114a41c3f418c)] -> xpath: //button[@id='toggle-hp-search']]
2023-02-13 00:02:516 INFO  HomePage :57 - click on job titleQa Analyst
2023-02-13 00:02:696 INFO  HomePage :61 - Click on Location Harrowgate
2023-02-13 00:02:130 INFO  HomePage :65 - clicking on distance[[ChromeDriver: chrome on WINDOWS (1d2d7fcedaadfd9a475bb43d979c05c2)] -> xpath: //select[@id='distance']]
2023-02-13 00:02:311 INFO  HomePage :70 - Clicking on More Search Option link [[ChromeDriver: chrome on WINDOWS (1d2d7fcedaadfd9a475bb43d979c05c2)] -> xpath: //button[@id='toggle-hp-search']]
2023-02-13 00:02:558 INFO  HomePage :74 - click on min salary [[ChromeDriver: chrome on WINDOWS (1d2d7fcedaadfd9a475bb43d979c05c2)] -> xpath: //input[@id='salarymin']]
2023-02-13 00:02:788 INFO  HomePage :78 - click on max salary [[ChromeDriver: chrome on WINDOWS (1d2d7fcedaadfd9a475bb43d979c05c2)] -> xpath: //input[@id='salarymax']]
2023-02-13 00:02:846 INFO  HomePage :82 - click on salary type [[ChromeDriver: chrome on WINDOWS (1d2d7fcedaadfd9a475bb43d979c05c2)] -> xpath: //select[@id='salarytype']]
2023-02-13 00:02:914 INFO  HomePage :86 - click on job type[[ChromeDriver: chrome on WINDOWS (1d2d7fcedaadfd9a475bb43d979c05c2)] -> xpath: //select[@id='tempperm']]
2023-02-13 00:02:44 INFO  HomePage :90 - Clicking on Find Jobs Button[[ChromeDriver: chrome on WINDOWS (1d2d7fcedaadfd9a475bb43d979c05c2)] -> xpath: //input[@id='hp-search-btn']]
2023-02-13 00:02:72 INFO  HomePage :57 - click on job titleTester
2023-02-13 00:02:202 INFO  HomePage :61 - Click on Location Harrow on the Hill,Greater London
2023-02-13 00:02:383 INFO  HomePage :65 - clicking on distance[[ChromeDriver: chrome on WINDOWS (c07ebcc1fb8a55f2b37c1e607e4886b7)] -> xpath: //select[@id='distance']]
2023-02-13 00:02:677 INFO  HomePage :70 - Clicking on More Search Option link [[ChromeDriver: chrome on WINDOWS (c07ebcc1fb8a55f2b37c1e607e4886b7)] -> xpath: //button[@id='toggle-hp-search']]
2023-02-13 00:02:887 INFO  HomePage :74 - click on min salary [[ChromeDriver: chrome on WINDOWS (c07ebcc1fb8a55f2b37c1e607e4886b7)] -> xpath: //input[@id='salarymin']]
2023-02-13 00:02:78 INFO  HomePage :78 - click on max salary [[ChromeDriver: chrome on WINDOWS (c07ebcc1fb8a55f2b37c1e607e4886b7)] -> xpath: //input[@id='salarymax']]
2023-02-13 00:02:161 INFO  HomePage :82 - click on salary type [[ChromeDriver: chrome on WINDOWS (c07ebcc1fb8a55f2b37c1e607e4886b7)] -> xpath: //select[@id='salarytype']]
2023-02-13 00:02:244 INFO  HomePage :86 - click on job type[[ChromeDriver: chrome on WINDOWS (c07ebcc1fb8a55f2b37c1e607e4886b7)] -> xpath: //select[@id='tempperm']]
2023-02-13 00:02:334 INFO  HomePage :90 - Clicking on Find Jobs Button[[ChromeDriver: chrome on WINDOWS (c07ebcc1fb8a55f2b37c1e607e4886b7)] -> xpath: //input[@id='hp-search-btn']]
2023-02-13 00:02:04 INFO  HomePage :57 - click on job titleDevelopment Manager
2023-02-13 00:02:170 INFO  HomePage :61 - Click on Location Wembley,Greater London
2023-02-13 00:02:499 INFO  HomePage :65 - clicking on distance[[ChromeDriver: chrome on WINDOWS (f5249c0e71decb2f560e4761ffbf338c)] -> xpath: //select[@id='distance']]
2023-02-13 00:02:603 INFO  HomePage :70 - Clicking on More Search Option link [[ChromeDriver: chrome on WINDOWS (f5249c0e71decb2f560e4761ffbf338c)] -> xpath: //button[@id='toggle-hp-search']]
2023-02-13 00:02:871 INFO  HomePage :74 - click on min salary [[ChromeDriver: chrome on WINDOWS (f5249c0e71decb2f560e4761ffbf338c)] -> xpath: //input[@id='salarymin']]
2023-02-13 00:02:143 INFO  HomePage :78 - click on max salary [[ChromeDriver: chrome on WINDOWS (f5249c0e71decb2f560e4761ffbf338c)] -> xpath: //input[@id='salarymax']]
2023-02-13 00:02:210 INFO  HomePage :82 - click on salary type [[ChromeDriver: chrome on WINDOWS (f5249c0e71decb2f560e4761ffbf338c)] -> xpath: //select[@id='salarytype']]
2023-02-13 00:02:278 INFO  HomePage :86 - click on job type[[ChromeDriver: chrome on WINDOWS (f5249c0e71decb2f560e4761ffbf338c)] -> xpath: //select[@id='tempperm']]
2023-02-13 00:02:364 INFO  HomePage :90 - Clicking on Find Jobs Button[[ChromeDriver: chrome on WINDOWS (f5249c0e71decb2f560e4761ffbf338c)] -> xpath: //input[@id='hp-search-btn']]
2023-02-13 00:02:902 INFO  HomePage :57 - click on job titleTeacher
2023-02-13 00:02:31 INFO  HomePage :61 - Click on Location Edgware,Greater London
2023-02-13 00:02:348 INFO  HomePage :65 - clicking on distance[[ChromeDriver: chrome on WINDOWS (0ebcfda3abf2e8b464a1480507980f96)] -> xpath: //select[@id='distance']]
2023-02-13 00:02:546 INFO  HomePage :70 - Clicking on More Search Option link [[ChromeDriver: chrome on WINDOWS (0ebcfda3abf2e8b464a1480507980f96)] -> xpath: //button[@id='toggle-hp-search']]
2023-02-13 00:02:756 INFO  HomePage :74 - click on min salary [[ChromeDriver: chrome on WINDOWS (0ebcfda3abf2e8b464a1480507980f96)] -> xpath: //input[@id='salarymin']]
2023-02-13 00:02:955 INFO  HomePage :78 - click on max salary [[ChromeDriver: chrome on WINDOWS (0ebcfda3abf2e8b464a1480507980f96)] -> xpath: //input[@id='salarymax']]
2023-02-13 00:02:14 INFO  HomePage :82 - click on salary type [[ChromeDriver: chrome on WINDOWS (0ebcfda3abf2e8b464a1480507980f96)] -> xpath: //select[@id='salarytype']]
2023-02-13 00:02:95 INFO  HomePage :86 - click on job type[[ChromeDriver: chrome on WINDOWS (0ebcfda3abf2e8b464a1480507980f96)] -> xpath: //select[@id='tempperm']]
2023-02-13 00:02:180 INFO  HomePage :90 - Clicking on Find Jobs Button[[ChromeDriver: chrome on WINDOWS (0ebcfda3abf2e8b464a1480507980f96)] -> xpath: //input[@id='hp-search-btn']]
2023-02-13 00:02:156 INFO  HomePage :57 - click on job titleStore Manager
2023-02-13 00:02:309 INFO  HomePage :61 - Click on Location Stanmore,Greater London
2023-02-13 00:02:616 INFO  HomePage :65 - clicking on distance[[ChromeDriver: chrome on WINDOWS (60c9050424c2274f7579c46f9eb390e4)] -> xpath: //select[@id='distance']]
2023-02-13 00:02:725 INFO  HomePage :70 - Clicking on More Search Option link [[ChromeDriver: chrome on WINDOWS (60c9050424c2274f7579c46f9eb390e4)] -> xpath: //button[@id='toggle-hp-search']]
2023-02-13 00:02:981 INFO  HomePage :74 - click on min salary [[ChromeDriver: chrome on WINDOWS (60c9050424c2274f7579c46f9eb390e4)] -> xpath: //input[@id='salarymin']]
2023-02-13 00:02:170 INFO  HomePage :78 - click on max salary [[ChromeDriver: chrome on WINDOWS (60c9050424c2274f7579c46f9eb390e4)] -> xpath: //input[@id='salarymax']]
2023-02-13 00:02:250 INFO  HomePage :82 - click on salary type [[ChromeDriver: chrome on WINDOWS (60c9050424c2274f7579c46f9eb390e4)] -> xpath: //select[@id='salarytype']]
2023-02-13 00:02:318 INFO  HomePage :86 - click on job type[[ChromeDriver: chrome on WINDOWS (60c9050424c2274f7579c46f9eb390e4)] -> xpath: //select[@id='tempperm']]
2023-02-13 00:02:413 INFO  HomePage :90 - Clicking on Find Jobs Button[[ChromeDriver: chrome on WINDOWS (60c9050424c2274f7579c46f9eb390e4)] -> xpath: //input[@id='hp-search-btn']]
2023-02-13 00:02:927 INFO  HomePage :57 - click on job titleMarketing Executive
2023-02-13 00:02:66 INFO  HomePage :61 - Click on Location Harrow Weald,Greater London
2023-02-13 00:02:227 INFO  HomePage :65 - clicking on distance[[ChromeDriver: chrome on WINDOWS (e981573fbbb1ac3cc7de6598dfba24e1)] -> xpath: //select[@id='distance']]
2023-02-13 00:02:483 INFO  HomePage :70 - Clicking on More Search Option link [[ChromeDriver: chrome on WINDOWS (e981573fbbb1ac3cc7de6598dfba24e1)] -> xpath: //button[@id='toggle-hp-search']]
2023-02-13 00:02:712 INFO  HomePage :74 - click on min salary [[ChromeDriver: chrome on WINDOWS (e981573fbbb1ac3cc7de6598dfba24e1)] -> xpath: //input[@id='salarymin']]
2023-02-13 00:02:885 INFO  HomePage :78 - click on max salary [[ChromeDriver: chrome on WINDOWS (e981573fbbb1ac3cc7de6598dfba24e1)] -> xpath: //input[@id='salarymax']]
2023-02-13 00:02:939 INFO  HomePage :82 - click on salary type [[ChromeDriver: chrome on WINDOWS (e981573fbbb1ac3cc7de6598dfba24e1)] -> xpath: //select[@id='salarytype']]
2023-02-13 00:02:997 INFO  HomePage :86 - click on job type[[ChromeDriver: chrome on WINDOWS (e981573fbbb1ac3cc7de6598dfba24e1)] -> xpath: //select[@id='tempperm']]
2023-02-13 00:02:78 INFO  HomePage :90 - Clicking on Find Jobs Button[[ChromeDriver: chrome on WINDOWS (e981573fbbb1ac3cc7de6598dfba24e1)] -> xpath: //input[@id='hp-search-btn']]
2023-02-13 00:02:76 INFO  HomePage :57 - click on job titleQa Analyst
2023-02-13 00:02:212 INFO  HomePage :61 - Click on Location Harrowgate
2023-02-13 00:02:408 INFO  HomePage :65 - clicking on distance[[ChromeDriver: chrome on WINDOWS (9fb345f0ffc86f4f18e9313e83e3d967)] -> xpath: //select[@id='distance']]
2023-02-13 00:02:635 INFO  HomePage :70 - Clicking on More Search Option link [[ChromeDriver: chrome on WINDOWS (9fb345f0ffc86f4f18e9313e83e3d967)] -> xpath: //button[@id='toggle-hp-search']]
2023-02-13 00:02:775 INFO  HomePage :74 - click on min salary [[ChromeDriver: chrome on WINDOWS (9fb345f0ffc86f4f18e9313e83e3d967)] -> xpath: //input[@id='salarymin']]
2023-02-13 00:02:41 INFO  HomePage :78 - click on max salary [[ChromeDriver: chrome on WINDOWS (9fb345f0ffc86f4f18e9313e83e3d967)] -> xpath: //input[@id='salarymax']]
2023-02-13 00:02:93 INFO  HomePage :82 - click on salary type [[ChromeDriver: chrome on WINDOWS (9fb345f0ffc86f4f18e9313e83e3d967)] -> xpath: //select[@id='salarytype']]
2023-02-13 00:02:149 INFO  HomePage :86 - click on job type[[ChromeDriver: chrome on WINDOWS (9fb345f0ffc86f4f18e9313e83e3d967)] -> xpath: //select[@id='tempperm']]
2023-02-13 00:02:231 INFO  HomePage :90 - Clicking on Find Jobs Button[[ChromeDriver: chrome on WINDOWS (9fb345f0ffc86f4f18e9313e83e3d967)] -> xpath: //input[@id='hp-search-btn']]
